<?xml version="1.0" encoding="UTF-8"?>
<!-- Generated by org.testng.reporters.JUnitReportReporter -->
<testsuite hostname="Brain-ПК" failures="0" tests="2" name="CurrencyTest" time="13.515" errors="0" timestamp="25 лип. 2019 17:07:30 GMT" skipped="0">
  <testcase classname="CurrencyTest" name="checkCurrencyForOneElement" time="6.590"/>
  <testcase classname="CurrencyTest" name="checkCurrency" time="6.925"/>
</testsuite> <!-- CurrencyTest -->
